<?xml version="1.0" encoding="UTF-8"?>
<!-- Generated by org.testng.reporters.JUnitXMLReporter -->
<testsuite ignored="0" hostname="DESKTOP-FOVBMUO" failures="0" tests="4" name="Default test" time="31.637" errors="0" timestamp="2023-12-21T02:03:44 MST">
  <testcase classname="automationTesting.Flipkart" name="closeLoginmodal" time="0.087"/>
  <testcase classname="automationTesting.Flipkart" name="hoverMI" time="6.304"/>
  <testcase classname="automationTesting.Flipkart" name="priceSlider" time="5.808"/>
  <testcase classname="automationTesting.Flipkart" name="search" time="14.397"/>
</testsuite> <!-- Default test -->
