<?xml version="1.0" encoding="UTF-8"?>
<!-- Generated by org.testng.reporters.JUnitXMLReporter -->
<testsuite ignored="0" hostname="DESKTOP-FOVBMUO" failures="0" tests="5" name="Test" time="30.255" errors="0" timestamp="2023-12-21T02:17:38 MST">
  <testcase classname="automationTesting.Flipkart" name="closeLoginmodal" time="0.071"/>
  <testcase classname="automationTesting.Flipkart" name="hoverMI" time="4.108"/>
  <testcase classname="automationTesting.Flipkart" name="priceSlider" time="5.811"/>
  <testcase classname="automationTesting.Flipkart" name="search" time="7.624"/>
  <testcase classname="automationTesting.Flipkart" name="productverify" time="7.794"/>
</testsuite> <!-- Test -->
