<?xml version="1.0" encoding="UTF-8"?>
<testng-results ignored="0" total="5" passed="5" failed="0" skipped="0">
  <reporter-output>
  </reporter-output>
  <suite started-at="2023-12-21T02:17:08 MST" name="Suite" finished-at="2023-12-21T02:17:38 MST" duration-ms="30255">
    <groups>
      <group name="Sanity, Regression">
        <method signature="Flipkart.closeLoginmodal()[pri:1, instance:automationTesting.Flipkart@f09733f]" name="closeLoginmodal" class="automationTesting.Flipkart"/>
        <method signature="Flipkart.hoverMI()[pri:2, instance:automationTesting.Flipkart@f09733f]" name="hoverMI" class="automationTesting.Flipkart"/>
        <method signature="Flipkart.priceSlider()[pri:3, instance:automationTesting.Flipkart@f09733f]" name="priceSlider" class="automationTesting.Flipkart"/>
        <method signature="Flipkart.search()[pri:4, instance:automationTesting.Flipkart@f09733f]" name="search" class="automationTesting.Flipkart"/>
      </group> <!-- Sanity, Regression -->
      <group name="Sanity, Regression ">
        <method signature="Flipkart.productverify()[pri:5, instance:automationTesting.Flipkart@f09733f]" name="productverify" class="automationTesting.Flipkart"/>
      </group> <!-- Sanity, Regression  -->
    </groups>
    <test started-at="2023-12-21T02:17:08 MST" name="Test" finished-at="2023-12-21T02:17:38 MST" duration-ms="30255">
      <class name="automationTesting.Flipkart">
        <test-method is-config="true" signature="setUp()[pri:0, instance:automationTesting.Flipkart@f09733f]" started-at="2023-12-21T02:17:08 MST" name="setUp" finished-at="2023-12-21T02:17:13 MST" duration-ms="4804" status="PASS">
          <reporter-output>
          </reporter-output>
        </test-method> <!-- setUp -->
        <test-method signature="closeLoginmodal()[pri:1, instance:automationTesting.Flipkart@f09733f]" started-at="2023-12-21T02:17:13 MST" name="closeLoginmodal" finished-at="2023-12-21T02:17:13 MST" duration-ms="71" status="PASS">
          <reporter-output>
          </reporter-output>
        </test-method> <!-- closeLoginmodal -->
        <test-method signature="hoverMI()[pri:2, instance:automationTesting.Flipkart@f09733f]" started-at="2023-12-21T02:17:13 MST" name="hoverMI" finished-at="2023-12-21T02:17:17 MST" duration-ms="4108" status="PASS">
          <reporter-output>
          </reporter-output>
        </test-method> <!-- hoverMI -->
        <test-method signature="priceSlider()[pri:3, instance:automationTesting.Flipkart@f09733f]" started-at="2023-12-21T02:17:17 MST" name="priceSlider" finished-at="2023-12-21T02:17:23 MST" duration-ms="5811" status="PASS">
          <reporter-output>
          </reporter-output>
        </test-method> <!-- priceSlider -->
        <test-method signature="search()[pri:4, instance:automationTesting.Flipkart@f09733f]" started-at="2023-12-21T02:17:23 MST" name="search" finished-at="2023-12-21T02:17:30 MST" duration-ms="7624" status="PASS">
          <reporter-output>
          </reporter-output>
        </test-method> <!-- search -->
        <test-method signature="productverify()[pri:5, instance:automationTesting.Flipkart@f09733f]" started-at="2023-12-21T02:17:30 MST" name="productverify" finished-at="2023-12-21T02:17:38 MST" duration-ms="7794" status="PASS">
          <reporter-output>
          </reporter-output>
        </test-method> <!-- productverify -->
        <test-method is-config="true" signature="closebrowser()[pri:0, instance:automationTesting.Flipkart@f09733f]" started-at="2023-12-21T02:17:38 MST" name="closebrowser" finished-at="2023-12-21T02:17:38 MST" duration-ms="1" status="PASS">
          <reporter-output>
          </reporter-output>
        </test-method> <!-- closebrowser -->
      </class> <!-- automationTesting.Flipkart -->
    </test> <!-- Test -->
  </suite> <!-- Suite -->
</testng-results>
